app/build/intermediates/manifest_merge_blame_file/debug/manifest-merger-blame-debug-report.txt
1<?xml version="1.0" encoding="utf-8"?>
2<manifest xmlns:android="http://schemas.android.com/apk/res/android"
3    package="com.loyalstring"
4    android:versionCode="17"
5    android:versionName="1.26" >
6
7    <uses-sdk
8        android:minSdkVersion="26"
9        android:targetSdkVersion="34" />
10
11    <uses-feature
11-->src\main\AndroidManifest.xml:5:5-7:36
12        android:name="android.hardware.camera"
12-->src\main\AndroidManifest.xml:6:9-47
13        android:required="false" />
13-->src\main\AndroidManifest.xml:7:9-33
14
15    <uses-permission android:name="android.permission.INTERNET" />
15-->src\main\AndroidManifest.xml:9:5-67
15-->src\main\AndroidManifest.xml:9:22-64
16    <uses-permission android:name="android.permission.WRITE_EXTERNAL_STORAGE" />
16-->src\main\AndroidManifest.xml:10:5-81
16-->src\main\AndroidManifest.xml:10:22-78
17
18    <uses-permission-sdk-23 android:name="android.permission.MANAGE_DOCUMENTS" />
18-->src\main\AndroidManifest.xml:12:5-82
18-->src\main\AndroidManifest.xml:12:29-79
19
20    <uses-permission android:name="android.permission.READ_EXTERNAL_STORAGE" />
20-->src\main\AndroidManifest.xml:14:5-80
20-->src\main\AndroidManifest.xml:14:22-77
21    <uses-permission android:name="android.permission.MANAGE_DOCUMENTS" />
21-->src\main\AndroidManifest.xml:16:5-75
21-->src\main\AndroidManifest.xml:16:22-72
22    <uses-permission android:name="android.permission.MANAGE_EXTERNAL_STORAGE" />
22-->src\main\AndroidManifest.xml:17:5-110
22-->src\main\AndroidManifest.xml:17:22-79
23    <uses-permission android:name="android.permission.CAMERA" />
23-->src\main\AndroidManifest.xml:18:5-65
23-->src\main\AndroidManifest.xml:18:22-62
24    <uses-permission android:name="android.permission.READ_MEDIA_IMAGES" />
24-->src\main\AndroidManifest.xml:19:5-76
24-->src\main\AndroidManifest.xml:19:22-73
25    <uses-permission android:name="android.permission.READ_MEDIA_VIDEO" />
25-->src\main\AndroidManifest.xml:20:5-75
25-->src\main\AndroidManifest.xml:20:22-72
26    <uses-permission android:name="android.permission.READ_MEDIA_AUDIO" />
26-->src\main\AndroidManifest.xml:21:5-75
26-->src\main\AndroidManifest.xml:21:22-72
27    <uses-permission
27-->src\main\AndroidManifest.xml:23:5-25:35
28        android:name="android.permission.BLUETOOTH_SCAN"
28-->src\main\AndroidManifest.xml:23:22-70
29        android:required="false"
29-->src\main\AndroidManifest.xml:25:9-33
30        android:usesPermissionFlags="neverForLocation" />
30-->src\main\AndroidManifest.xml:24:9-55
31    <uses-permission
31-->src\main\AndroidManifest.xml:26:5-27:35
32        android:name="android.permission.BLUETOOTH_CONNECT"
32-->src\main\AndroidManifest.xml:26:22-73
33        android:required="false" />
33-->src\main\AndroidManifest.xml:27:9-33
34    <uses-permission
34-->src\main\AndroidManifest.xml:28:5-29:35
35        android:name="android.permission.BLUETOOTH_ADVERTISE"
35-->src\main\AndroidManifest.xml:28:22-75
36        android:required="false" />
36-->src\main\AndroidManifest.xml:29:9-33
37    <uses-permission android:name="android.permission.FOREGROUND_SERVICE" />
37-->src\main\AndroidManifest.xml:31:5-76
37-->src\main\AndroidManifest.xml:31:22-74
38    <uses-permission android:name="android.permission.FOREGROUND_SERVICE_CONNECTED_DEVICE" />
38-->src\main\AndroidManifest.xml:32:5-93
38-->src\main\AndroidManifest.xml:32:22-91
39
40    <queries>
40-->src\main\AndroidManifest.xml:34:5-40:15
41        <intent>
41-->src\main\AndroidManifest.xml:35:9-39:18
42            <action android:name="android.intent.action.VIEW" />
42-->src\main\AndroidManifest.xml:36:13-65
42-->src\main\AndroidManifest.xml:36:21-62
43
44            <data android:mimeType="*/*" />
44-->src\main\AndroidManifest.xml:38:13-44
44-->src\main\AndroidManifest.xml:38:19-41
45        </intent>
46    </queries>
47
48    <uses-permission android:name="android.permission.ACCESS_NETWORK_STATE" />
48-->[DeviceAPI_ver20231208_release.aar] AndroidManifest.xml:11:5-79
48-->[DeviceAPI_ver20231208_release.aar] AndroidManifest.xml:11:22-76
49    <uses-permission android:name="android.permission.BLUETOOTH_ADMIN" />
49-->[DeviceAPI_ver20231208_release.aar] AndroidManifest.xml:12:5-74
49-->[DeviceAPI_ver20231208_release.aar] AndroidManifest.xml:12:22-71
50    <uses-permission android:name="android.permission.CHANGE_WIFI_STATE" />
50-->[DeviceAPI_ver20231208_release.aar] AndroidManifest.xml:14:5-76
50-->[DeviceAPI_ver20231208_release.aar] AndroidManifest.xml:14:22-73
51    <uses-permission android:name="android.permission.WAKE_LOCK" />
51-->[com.google.android.gms:play-services-measurement-api:21.5.1] AndroidManifest.xml:24:5-68
51-->[com.google.android.gms:play-services-measurement-api:21.5.1] AndroidManifest.xml:24:22-65
52    <uses-permission android:name="com.google.android.gms.permission.AD_ID" />
52-->[com.google.android.gms:play-services-measurement-api:21.5.1] AndroidManifest.xml:25:5-79
52-->[com.google.android.gms:play-services-measurement-api:21.5.1] AndroidManifest.xml:25:22-76
53    <uses-permission android:name="android.permission.ACCESS_ADSERVICES_ATTRIBUTION" />
53-->[com.google.android.gms:play-services-measurement-api:21.5.1] AndroidManifest.xml:26:5-88
53-->[com.google.android.gms:play-services-measurement-api:21.5.1] AndroidManifest.xml:26:22-85
54    <uses-permission android:name="android.permission.ACCESS_ADSERVICES_AD_ID" />
54-->[com.google.android.gms:play-services-measurement-api:21.5.1] AndroidManifest.xml:27:5-82
54-->[com.google.android.gms:play-services-measurement-api:21.5.1] AndroidManifest.xml:27:22-79
55    <uses-permission android:name="com.google.android.finsky.permission.BIND_GET_INSTALL_REFERRER_SERVICE" />
55-->[com.google.android.gms:play-services-measurement:21.5.1] AndroidManifest.xml:26:5-110
55-->[com.google.android.gms:play-services-measurement:21.5.1] AndroidManifest.xml:26:22-107
56    <uses-permission android:name="android.permission.RECEIVE_BOOT_COMPLETED" />
56-->[androidx.work:work-runtime:2.7.1] AndroidManifest.xml:27:5-81
56-->[androidx.work:work-runtime:2.7.1] AndroidManifest.xml:27:22-78
57
58    <permission
58-->[androidx.core:core:1.9.0] AndroidManifest.xml:22:5-24:47
59        android:name="com.loyalstring.DYNAMIC_RECEIVER_NOT_EXPORTED_PERMISSION"
59-->[androidx.core:core:1.9.0] AndroidManifest.xml:23:9-81
60        android:protectionLevel="signature" />
60-->[androidx.core:core:1.9.0] AndroidManifest.xml:24:9-44
61
62    <uses-permission android:name="com.loyalstring.DYNAMIC_RECEIVER_NOT_EXPORTED_PERMISSION" />
62-->[androidx.core:core:1.9.0] AndroidManifest.xml:26:5-97
62-->[androidx.core:core:1.9.0] AndroidManifest.xml:26:22-94
63
64    <application
64-->src\main\AndroidManifest.xml:42:5-137:19
65        android:name="com.loyalstring.fsupporters.MyApplication"
65-->src\main\AndroidManifest.xml:43:9-50
66        android:allowBackup="false"
66-->src\main\AndroidManifest.xml:44:9-36
67        android:appComponentFactory="androidx.core.app.CoreComponentFactory"
67-->[androidx.core:core:1.9.0] AndroidManifest.xml:28:18-86
68        android:configChanges="orientation|screenSize|screenLayout|keyboardHidden"
68-->src\main\AndroidManifest.xml:45:9-83
69        android:dataExtractionRules="@xml/data_extraction_rules"
69-->src\main\AndroidManifest.xml:46:9-65
70        android:debuggable="true"
71        android:extractNativeLibs="false"
72        android:fullBackupContent="@xml/backup_rules"
72-->src\main\AndroidManifest.xml:47:9-54
73        android:icon="@drawable/logo"
73-->src\main\AndroidManifest.xml:48:9-38
74        android:label="@string/app_name"
74-->src\main\AndroidManifest.xml:49:9-41
75        android:largeHeap="true"
75-->src\main\AndroidManifest.xml:50:9-33
76        android:networkSecurityConfig="@xml/network_security_config"
76-->src\main\AndroidManifest.xml:51:9-69
77        android:requestLegacyExternalStorage="true"
77-->src\main\AndroidManifest.xml:52:9-52
78        android:roundIcon="@drawable/logo"
78-->src\main\AndroidManifest.xml:53:9-43
79        android:supportsRtl="true"
79-->src\main\AndroidManifest.xml:54:9-35
80        android:testOnly="true"
81        android:theme="@style/Theme.LoyalString"
81-->src\main\AndroidManifest.xml:55:9-49
82        android:usesCleartextTraffic="true" >
82-->src\main\AndroidManifest.xml:56:9-44
83        <activity
83-->src\main\AndroidManifest.xml:58:9-60:40
84            android:name="com.loyalstring.Activities.SyncSettingsActivity"
84-->src\main\AndroidManifest.xml:59:13-60
85            android:exported="false" />
85-->src\main\AndroidManifest.xml:60:13-37
86        <activity
86-->src\main\AndroidManifest.xml:61:9-63:40
87            android:name="com.loyalstring.Activities.ApiConfigActivity"
87-->src\main\AndroidManifest.xml:62:13-57
88            android:exported="false" />
88-->src\main\AndroidManifest.xml:63:13-37
89        <activity
89-->src\main\AndroidManifest.xml:64:9-66:40
90            android:name="com.loyalstring.Activities.Skureport"
90-->src\main\AndroidManifest.xml:65:13-49
91            android:exported="false" />
91-->src\main\AndroidManifest.xml:66:13-37
92        <activity
92-->src\main\AndroidManifest.xml:67:9-69:40
93            android:name="com.loyalstring.Activities.Uploadimages"
93-->src\main\AndroidManifest.xml:68:13-52
94            android:exported="false" />
94-->src\main\AndroidManifest.xml:69:13-37
95        <activity
95-->src\main\AndroidManifest.xml:70:9-72:40
96            android:name="com.loyalstring.Activities.BillViewactivity"
96-->src\main\AndroidManifest.xml:71:13-56
97            android:exported="false" />
97-->src\main\AndroidManifest.xml:72:13-37
98        <activity
98-->src\main\AndroidManifest.xml:73:9-75:40
99            android:name="com.loyalstring.Activities.googlesheet"
99-->src\main\AndroidManifest.xml:74:13-51
100            android:exported="false" />
100-->src\main\AndroidManifest.xml:75:13-37
101        <activity
101-->src\main\AndroidManifest.xml:76:9-78:40
102            android:name="com.loyalstring.Activities.Billlistactivity"
102-->src\main\AndroidManifest.xml:77:13-56
103            android:exported="false" />
103-->src\main\AndroidManifest.xml:78:13-37
104        <activity
104-->src\main\AndroidManifest.xml:79:9-81:40
105            android:name="com.loyalstring.Activities.Customapis"
105-->src\main\AndroidManifest.xml:80:13-50
106            android:exported="false" />
106-->src\main\AndroidManifest.xml:81:13-37
107        <activity
107-->src\main\AndroidManifest.xml:82:9-84:40
108            android:name="com.loyalstring.Activities.ListActivity"
108-->src\main\AndroidManifest.xml:83:13-52
109            android:exported="false" />
109-->src\main\AndroidManifest.xml:84:13-37
110        <activity
110-->src\main\AndroidManifest.xml:85:9-87:40
111            android:name="com.loyalstring.fragments.Homefragment"
111-->src\main\AndroidManifest.xml:86:13-51
112            android:exported="false" />
112-->src\main\AndroidManifest.xml:87:13-37
113        <activity
113-->src\main\AndroidManifest.xml:88:9-91:59
114            android:name="com.loyalstring.fragments.Inventoryfragment"
114-->src\main\AndroidManifest.xml:89:13-56
115            android:exported="false"
115-->src\main\AndroidManifest.xml:90:13-37
116            android:windowSoftInputMode="adjustNothing" />
116-->src\main\AndroidManifest.xml:91:13-56
117        <activity
117-->src\main\AndroidManifest.xml:92:9-94:40
118            android:name="com.loyalstring.mainscreens.Loginpage"
118-->src\main\AndroidManifest.xml:93:13-50
119            android:exported="false" />
119-->src\main\AndroidManifest.xml:94:13-37
120        <activity
120-->src\main\AndroidManifest.xml:95:9-97:40
121            android:name="com.loyalstring.mainscreens.Activationpage"
121-->src\main\AndroidManifest.xml:96:13-55
122            android:exported="false" />
122-->src\main\AndroidManifest.xml:97:13-37
123        <activity
123-->src\main\AndroidManifest.xml:99:9-101:40
124            android:name="com.loyalstring.Activities.DailyStockReportDate"
124-->src\main\AndroidManifest.xml:100:13-60
125            android:exported="false" />
125-->src\main\AndroidManifest.xml:101:13-37
126        <activity
126-->src\main\AndroidManifest.xml:103:9-105:40
127            android:name="com.loyalstring.Activities.DailyStockReportCounter"
127-->src\main\AndroidManifest.xml:104:13-63
128            android:exported="false" />
128-->src\main\AndroidManifest.xml:105:13-37
129        <activity
129-->src\main\AndroidManifest.xml:107:9-109:40
130            android:name="com.loyalstring.Activities.DailyStockreportCategory"
130-->src\main\AndroidManifest.xml:108:13-64
131            android:exported="false" />
131-->src\main\AndroidManifest.xml:109:13-37
132        <activity
132-->src\main\AndroidManifest.xml:111:9-113:40
133            android:name="com.loyalstring.Activities.DailyStockReportProduct"
133-->src\main\AndroidManifest.xml:112:13-63
134            android:exported="false" />
134-->src\main\AndroidManifest.xml:113:13-37
135        <activity
135-->src\main\AndroidManifest.xml:114:9-117:59
136            android:name="com.loyalstring.MainActivity"
136-->src\main\AndroidManifest.xml:115:13-41
137            android:exported="false"
137-->src\main\AndroidManifest.xml:116:13-37
138            android:windowSoftInputMode="adjustNothing" />
138-->src\main\AndroidManifest.xml:117:13-56
139        <activity
139-->src\main\AndroidManifest.xml:118:9-126:20
140            android:name="com.loyalstring.mainscreens.splashscreen"
140-->src\main\AndroidManifest.xml:119:13-53
141            android:exported="true" >
141-->src\main\AndroidManifest.xml:120:13-36
142            <intent-filter>
142-->src\main\AndroidManifest.xml:121:13-125:29
143                <action android:name="android.intent.action.MAIN" />
143-->src\main\AndroidManifest.xml:122:17-69
143-->src\main\AndroidManifest.xml:122:25-66
144
145                <category android:name="android.intent.category.LAUNCHER" />
145-->src\main\AndroidManifest.xml:124:17-77
145-->src\main\AndroidManifest.xml:124:27-74
146            </intent-filter>
147        </activity>
148
149        <provider
149-->src\main\AndroidManifest.xml:128:9-136:20
150            android:name="androidx.core.content.FileProvider"
150-->src\main\AndroidManifest.xml:129:13-62
151            android:authorities="com.loyalstring.provider"
151-->src\main\AndroidManifest.xml:130:13-59
152            android:exported="false"
152-->src\main\AndroidManifest.xml:131:13-37
153            android:grantUriPermissions="true" >
153-->src\main\AndroidManifest.xml:132:13-47
154            <meta-data
154-->src\main\AndroidManifest.xml:133:13-135:54
155                android:name="android.support.FILE_PROVIDER_PATHS"
155-->src\main\AndroidManifest.xml:134:17-67
156                android:resource="@xml/file_paths" />
156-->src\main\AndroidManifest.xml:135:17-51
157        </provider>
158
159        <service
159-->[com.google.firebase:firebase-crashlytics:18.6.3] AndroidManifest.xml:12:9-21:19
160            android:name="com.google.firebase.components.ComponentDiscoveryService"
160-->[com.google.firebase:firebase-crashlytics:18.6.3] AndroidManifest.xml:13:13-84
161            android:directBootAware="true"
161-->[com.google.firebase:firebase-common:21.0.0] AndroidManifest.xml:32:13-43
162            android:exported="false" >
162-->[com.google.firebase:firebase-crashlytics:18.6.3] AndroidManifest.xml:14:13-37
163            <meta-data
163-->[com.google.firebase:firebase-crashlytics:18.6.3] AndroidManifest.xml:15:13-17:85
164                android:name="com.google.firebase.components:com.google.firebase.crashlytics.FirebaseCrashlyticsKtxRegistrar"
164-->[com.google.firebase:firebase-crashlytics:18.6.3] AndroidManifest.xml:16:17-126
165                android:value="com.google.firebase.components.ComponentRegistrar" />
165-->[com.google.firebase:firebase-crashlytics:18.6.3] AndroidManifest.xml:17:17-82
166            <meta-data
166-->[com.google.firebase:firebase-crashlytics:18.6.3] AndroidManifest.xml:18:13-20:85
167                android:name="com.google.firebase.components:com.google.firebase.crashlytics.CrashlyticsRegistrar"
167-->[com.google.firebase:firebase-crashlytics:18.6.3] AndroidManifest.xml:19:17-115
168                android:value="com.google.firebase.components.ComponentRegistrar" />
168-->[com.google.firebase:firebase-crashlytics:18.6.3] AndroidManifest.xml:20:17-82
169            <meta-data
169-->[com.google.firebase:firebase-storage:20.3.0] AndroidManifest.xml:30:13-32:85
170                android:name="com.google.firebase.components:com.google.firebase.storage.FirebaseStorageKtxRegistrar"
170-->[com.google.firebase:firebase-storage:20.3.0] AndroidManifest.xml:31:17-118
171                android:value="com.google.firebase.components.ComponentRegistrar" />
171-->[com.google.firebase:firebase-storage:20.3.0] AndroidManifest.xml:32:17-82
172            <meta-data
172-->[com.google.firebase:firebase-storage:20.3.0] AndroidManifest.xml:33:13-35:85
173                android:name="com.google.firebase.components:com.google.firebase.storage.StorageRegistrar"
173-->[com.google.firebase:firebase-storage:20.3.0] AndroidManifest.xml:34:17-107
174                android:value="com.google.firebase.components.ComponentRegistrar" />
174-->[com.google.firebase:firebase-storage:20.3.0] AndroidManifest.xml:35:17-82
175            <meta-data
175-->[com.google.firebase:firebase-perf:20.5.2] AndroidManifest.xml:14:13-16:85
176                android:name="com.google.firebase.components:com.google.firebase.perf.FirebasePerfKtxRegistrar"
176-->[com.google.firebase:firebase-perf:20.5.2] AndroidManifest.xml:15:17-112
177                android:value="com.google.firebase.components.ComponentRegistrar" />
177-->[com.google.firebase:firebase-perf:20.5.2] AndroidManifest.xml:16:17-82
178            <meta-data
178-->[com.google.firebase:firebase-perf:20.5.2] AndroidManifest.xml:17:13-19:85
179                android:name="com.google.firebase.components:com.google.firebase.perf.FirebasePerfRegistrar"
179-->[com.google.firebase:firebase-perf:20.5.2] AndroidManifest.xml:18:17-109
180                android:value="com.google.firebase.components.ComponentRegistrar" />
180-->[com.google.firebase:firebase-perf:20.5.2] AndroidManifest.xml:19:17-82
181            <meta-data
181-->[com.google.firebase:firebase-database:21.0.0] AndroidManifest.xml:29:13-31:85
182                android:name="com.google.firebase.components:com.google.firebase.database.FirebaseDatabaseKtxRegistrar"
182-->[com.google.firebase:firebase-database:21.0.0] AndroidManifest.xml:30:17-120
183                android:value="com.google.firebase.components.ComponentRegistrar" />
183-->[com.google.firebase:firebase-database:21.0.0] AndroidManifest.xml:31:17-82
184            <meta-data
184-->[com.google.firebase:firebase-database:21.0.0] AndroidManifest.xml:32:13-34:85
185                android:name="com.google.firebase.components:com.google.firebase.database.DatabaseRegistrar"
185-->[com.google.firebase:firebase-database:21.0.0] AndroidManifest.xml:33:17-109
186                android:value="com.google.firebase.components.ComponentRegistrar" />
186-->[com.google.firebase:firebase-database:21.0.0] AndroidManifest.xml:34:17-82
187            <meta-data
187-->[com.google.firebase:firebase-firestore:25.0.0] AndroidManifest.xml:17:13-19:85
188                android:name="com.google.firebase.components:com.google.firebase.firestore.FirebaseFirestoreKtxRegistrar"
188-->[com.google.firebase:firebase-firestore:25.0.0] AndroidManifest.xml:18:17-122
189                android:value="com.google.firebase.components.ComponentRegistrar" />
189-->[com.google.firebase:firebase-firestore:25.0.0] AndroidManifest.xml:19:17-82
190            <meta-data
190-->[com.google.firebase:firebase-firestore:25.0.0] AndroidManifest.xml:20:13-22:85
191                android:name="com.google.firebase.components:com.google.firebase.firestore.FirestoreRegistrar"
191-->[com.google.firebase:firebase-firestore:25.0.0] AndroidManifest.xml:21:17-111
192                android:value="com.google.firebase.components.ComponentRegistrar" />
192-->[com.google.firebase:firebase-firestore:25.0.0] AndroidManifest.xml:22:17-82
193            <meta-data
193-->[com.google.firebase:firebase-appcheck:17.1.2] AndroidManifest.xml:25:13-27:85
194                android:name="com.google.firebase.components:com.google.firebase.appcheck.FirebaseAppCheckKtxRegistrar"
194-->[com.google.firebase:firebase-appcheck:17.1.2] AndroidManifest.xml:26:17-120
195                android:value="com.google.firebase.components.ComponentRegistrar" />
195-->[com.google.firebase:firebase-appcheck:17.1.2] AndroidManifest.xml:27:17-82
196            <meta-data
196-->[com.google.firebase:firebase-appcheck:17.1.2] AndroidManifest.xml:28:13-30:85
197                android:name="com.google.firebase.components:com.google.firebase.appcheck.FirebaseAppCheckRegistrar"
197-->[com.google.firebase:firebase-appcheck:17.1.2] AndroidManifest.xml:29:17-117
198                android:value="com.google.firebase.components.ComponentRegistrar" />
198-->[com.google.firebase:firebase-appcheck:17.1.2] AndroidManifest.xml:30:17-82
199            <meta-data
199-->[com.google.firebase:firebase-sessions:1.2.3] AndroidManifest.xml:29:13-31:85
200                android:name="com.google.firebase.components:com.google.firebase.sessions.FirebaseSessionsRegistrar"
200-->[com.google.firebase:firebase-sessions:1.2.3] AndroidManifest.xml:30:17-117
201                android:value="com.google.firebase.components.ComponentRegistrar" />
201-->[com.google.firebase:firebase-sessions:1.2.3] AndroidManifest.xml:31:17-82
202            <meta-data
202-->[com.google.firebase:firebase-config:21.6.3] AndroidManifest.xml:29:13-31:85
203                android:name="com.google.firebase.components:com.google.firebase.remoteconfig.FirebaseRemoteConfigKtxRegistrar"
203-->[com.google.firebase:firebase-config:21.6.3] AndroidManifest.xml:30:17-128
204                android:value="com.google.firebase.components.ComponentRegistrar" />
204-->[com.google.firebase:firebase-config:21.6.3] AndroidManifest.xml:31:17-82
205            <meta-data
205-->[com.google.firebase:firebase-config:21.6.3] AndroidManifest.xml:32:13-34:85
206                android:name="com.google.firebase.components:com.google.firebase.remoteconfig.RemoteConfigRegistrar"
206-->[com.google.firebase:firebase-config:21.6.3] AndroidManifest.xml:33:17-117
207                android:value="com.google.firebase.components.ComponentRegistrar" />
207-->[com.google.firebase:firebase-config:21.6.3] AndroidManifest.xml:34:17-82
208            <meta-data
208-->[com.google.android.gms:play-services-measurement-api:21.5.1] AndroidManifest.xml:37:13-39:85
209                android:name="com.google.firebase.components:com.google.firebase.analytics.connector.internal.AnalyticsConnectorRegistrar"
209-->[com.google.android.gms:play-services-measurement-api:21.5.1] AndroidManifest.xml:38:17-139
210                android:value="com.google.firebase.components.ComponentRegistrar" />
210-->[com.google.android.gms:play-services-measurement-api:21.5.1] AndroidManifest.xml:39:17-82
211            <meta-data
211-->[com.google.firebase:firebase-installations:17.2.0] AndroidManifest.xml:15:13-17:85
212                android:name="com.google.firebase.components:com.google.firebase.installations.FirebaseInstallationsKtxRegistrar"
212-->[com.google.firebase:firebase-installations:17.2.0] AndroidManifest.xml:16:17-130
213                android:value="com.google.firebase.components.ComponentRegistrar" />
213-->[com.google.firebase:firebase-installations:17.2.0] AndroidManifest.xml:17:17-82
214            <meta-data
214-->[com.google.firebase:firebase-installations:17.2.0] AndroidManifest.xml:18:13-20:85
215                android:name="com.google.firebase.components:com.google.firebase.installations.FirebaseInstallationsRegistrar"
215-->[com.google.firebase:firebase-installations:17.2.0] AndroidManifest.xml:19:17-127
216                android:value="com.google.firebase.components.ComponentRegistrar" />
216-->[com.google.firebase:firebase-installations:17.2.0] AndroidManifest.xml:20:17-82
217            <meta-data
217-->[com.google.firebase:firebase-common-ktx:21.0.0] AndroidManifest.xml:12:13-14:85
218                android:name="com.google.firebase.components:com.google.firebase.ktx.FirebaseCommonLegacyRegistrar"
218-->[com.google.firebase:firebase-common-ktx:21.0.0] AndroidManifest.xml:13:17-116
219                android:value="com.google.firebase.components.ComponentRegistrar" />
219-->[com.google.firebase:firebase-common-ktx:21.0.0] AndroidManifest.xml:14:17-82
220            <meta-data
220-->[com.google.firebase:firebase-common:21.0.0] AndroidManifest.xml:35:13-37:85
221                android:name="com.google.firebase.components:com.google.firebase.FirebaseCommonKtxRegistrar"
221-->[com.google.firebase:firebase-common:21.0.0] AndroidManifest.xml:36:17-109
222                android:value="com.google.firebase.components.ComponentRegistrar" />
222-->[com.google.firebase:firebase-common:21.0.0] AndroidManifest.xml:37:17-82
223            <meta-data
223-->[com.google.firebase:firebase-abt:21.1.1] AndroidManifest.xml:12:13-14:85
224                android:name="com.google.firebase.components:com.google.firebase.abt.component.AbtRegistrar"
224-->[com.google.firebase:firebase-abt:21.1.1] AndroidManifest.xml:13:17-109
225                android:value="com.google.firebase.components.ComponentRegistrar" />
225-->[com.google.firebase:firebase-abt:21.1.1] AndroidManifest.xml:14:17-82
226            <meta-data
226-->[com.google.firebase:firebase-datatransport:18.1.8] AndroidManifest.xml:27:13-29:85
227                android:name="com.google.firebase.components:com.google.firebase.datatransport.TransportRegistrar"
227-->[com.google.firebase:firebase-datatransport:18.1.8] AndroidManifest.xml:28:17-115
228                android:value="com.google.firebase.components.ComponentRegistrar" />
228-->[com.google.firebase:firebase-datatransport:18.1.8] AndroidManifest.xml:29:17-82
229        </service>
230
231        <activity
231-->[com.google.android.gms:play-services-base:18.1.0] AndroidManifest.xml:20:9-22:45
232            android:name="com.google.android.gms.common.api.GoogleApiActivity"
232-->[com.google.android.gms:play-services-base:18.1.0] AndroidManifest.xml:20:19-85
233            android:exported="false"
233-->[com.google.android.gms:play-services-base:18.1.0] AndroidManifest.xml:22:19-43
234            android:theme="@android:style/Theme.Translucent.NoTitleBar" />
234-->[com.google.android.gms:play-services-base:18.1.0] AndroidManifest.xml:21:19-78
235
236        <service
236-->[com.google.firebase:firebase-sessions:1.2.3] AndroidManifest.xml:22:9-25:40
237            android:name="com.google.firebase.sessions.SessionLifecycleService"
237-->[com.google.firebase:firebase-sessions:1.2.3] AndroidManifest.xml:23:13-80
238            android:enabled="true"
238-->[com.google.firebase:firebase-sessions:1.2.3] AndroidManifest.xml:24:13-35
239            android:exported="false" />
239-->[com.google.firebase:firebase-sessions:1.2.3] AndroidManifest.xml:25:13-37
240
241        <property
241-->[com.google.android.gms:play-services-measurement-api:21.5.1] AndroidManifest.xml:30:9-32:61
242            android:name="android.adservices.AD_SERVICES_CONFIG"
242-->[com.google.android.gms:play-services-measurement-api:21.5.1] AndroidManifest.xml:31:13-65
243            android:resource="@xml/ga_ad_services_config" />
243-->[com.google.android.gms:play-services-measurement-api:21.5.1] AndroidManifest.xml:32:13-58
244
245        <provider
245-->[com.google.firebase:firebase-common:21.0.0] AndroidManifest.xml:23:9-28:39
246            android:name="com.google.firebase.provider.FirebaseInitProvider"
246-->[com.google.firebase:firebase-common:21.0.0] AndroidManifest.xml:24:13-77
247            android:authorities="com.loyalstring.firebaseinitprovider"
247-->[com.google.firebase:firebase-common:21.0.0] AndroidManifest.xml:25:13-72
248            android:directBootAware="true"
248-->[com.google.firebase:firebase-common:21.0.0] AndroidManifest.xml:26:13-43
249            android:exported="false"
249-->[com.google.firebase:firebase-common:21.0.0] AndroidManifest.xml:27:13-37
250            android:initOrder="100" />
250-->[com.google.firebase:firebase-common:21.0.0] AndroidManifest.xml:28:13-36
251
252        <receiver
252-->[com.google.android.gms:play-services-measurement:21.5.1] AndroidManifest.xml:29:9-33:20
253            android:name="com.google.android.gms.measurement.AppMeasurementReceiver"
253-->[com.google.android.gms:play-services-measurement:21.5.1] AndroidManifest.xml:30:13-85
254            android:enabled="true"
254-->[com.google.android.gms:play-services-measurement:21.5.1] AndroidManifest.xml:31:13-35
255            android:exported="false" >
255-->[com.google.android.gms:play-services-measurement:21.5.1] AndroidManifest.xml:32:13-37
256        </receiver>
257
258        <service
258-->[com.google.android.gms:play-services-measurement:21.5.1] AndroidManifest.xml:35:9-38:40
259            android:name="com.google.android.gms.measurement.AppMeasurementService"
259-->[com.google.android.gms:play-services-measurement:21.5.1] AndroidManifest.xml:36:13-84
260            android:enabled="true"
260-->[com.google.android.gms:play-services-measurement:21.5.1] AndroidManifest.xml:37:13-35
261            android:exported="false" />
261-->[com.google.android.gms:play-services-measurement:21.5.1] AndroidManifest.xml:38:13-37
262        <service
262-->[com.google.android.gms:play-services-measurement:21.5.1] AndroidManifest.xml:39:9-43:72
263            android:name="com.google.android.gms.measurement.AppMeasurementJobService"
263-->[com.google.android.gms:play-services-measurement:21.5.1] AndroidManifest.xml:40:13-87
264            android:enabled="true"